Unity Editor version:    2020.3.26f1 (7298b473bc1a)
Branch:                  2020.3/staging
Build type:              Release
Batch mode:              YES
macOS version:           Version 12.3 (Build 21E230)
Darwin version:          21.4.0
Architecture:            x86_64
Running under Rosetta:   NO
Available memory:        8192 MB
Using pre-set license
Pro License: NO

COMMAND LINE ARGUMENTS:
/Applications/Unity/Hub/Editor/2020.3.26f1/Unity.app/Contents/MacOS/Unity
-adb2
-batchMode
-noUpm
-name
AssetImportWorker0
-projectPath
/Users/victoriaperez/Documents/GitHub/AR-FIU-NAV/AR FIU MMC Campus Nav
-logFile
Logs/AssetImportWorker0.log
-srvPort
55793
Successfully changed project path to: /Users/victoriaperez/Documents/GitHub/AR-FIU-NAV/AR FIU MMC Campus Nav
/Users/victoriaperez/Documents/GitHub/AR-FIU-NAV/AR FIU MMC Campus Nav
Using Asset Import Pipeline V2.
Refreshing native plugins compatible for Editor in 64.60 ms, found 2 plugins.
Preloading 0 native plugins for Editor in 0.00 ms.
Initialize engine version: 2020.3.26f1 (7298b473bc1a)
[Subsystems] Discovering subsystems at path /Applications/Unity/Hub/Editor/2020.3.26f1/Unity.app/Contents/Resources/UnitySubsystems
[Subsystems] Discovering subsystems at path /Users/victoriaperez/Documents/GitHub/AR-FIU-NAV/AR FIU MMC Campus Nav/Assets
GfxDevice: creating device client; threaded=0
2022-04-05 11:38:18.397 Unity[32067:823547] Color LCD preferred device: Intel(R) Iris(TM) Graphics 6100 (low power)
2022-04-05 11:38:18.397 Unity[32067:823547] Metal devices available: 1
2022-04-05 11:38:18.397 Unity[32067:823547] 0: Intel(R) Iris(TM) Graphics 6100 (low power)
2022-04-05 11:38:18.397 Unity[32067:823547] Using device Intel(R) Iris(TM) Graphics 6100 (low power)
Initializing Metal device caps: Intel(R) Iris(TM) Graphics 6100
Initialize mono
Mono path[0] = '/Applications/Unity/Hub/Editor/2020.3.26f1/Unity.app/Contents/Managed'
Mono path[1] = '/Applications/Unity/Hub/Editor/2020.3.26f1/Unity.app/Contents/MonoBleedingEdge/lib/mono/unityjit'
Mono config path = '/Applications/Unity/Hub/Editor/2020.3.26f1/Unity.app/Contents/MonoBleedingEdge/etc'
Using monoOptions --debugger-agent=transport=dt_socket,embedding=1,server=y,suspend=n,address=127.0.0.1:56067
Begin MonoManager ReloadAssembly
Registering precompiled unity dll's ...
Register platform support module: /Applications/Unity/Hub/Editor/2020.3.26f1/PlaybackEngines/WebGLSupport/UnityEditor.WebGL.Extensions.dll
Register platform support module: /Applications/Unity/Hub/Editor/2020.3.26f1/Unity.app/Contents/PlaybackEngines/MacStandaloneSupport/UnityEditor.OSXStandalone.Extensions.dll
Register platform support module: /Applications/Unity/Hub/Editor/2020.3.26f1/PlaybackEngines/WindowsStandaloneSupport/UnityEditor.WindowsStandalone.Extensions.dll
Register platform support module: /Applications/Unity/Hub/Editor/2020.3.26f1/PlaybackEngines/LuminSupport/UnityEditor.Lumin.Extensions.dll
Registered in 0.006265 seconds.
Native extension for Lumin target not found
Native extension for WindowsStandalone target not found
Native extension for OSXStandalone target not found
Native extension for WebGL target not found
Refreshing native plugins compatible for Editor in 57.72 ms, found 2 plugins.
Preloading 0 native plugins for Editor in 0.00 ms.
Mono: successfully reloaded assembly
- Completed reload, in  0.975 seconds
Domain Reload Profiling:
	ReloadAssembly (976ms)
		BeginReloadAssembly (60ms)
			ExecutionOrderSort (0ms)
			DisableScriptedObjects (0ms)
			BackupInstance (0ms)
			ReleaseScriptingObjects (0ms)
			CreateAndSetChildDomain (1ms)
		EndReloadAssembly (786ms)
			LoadAssemblies (68ms)
			RebuildTransferFunctionScriptingTraits (0ms)
			SetupTypeCache (296ms)
			ReleaseScriptCaches (0ms)
			RebuildScriptCaches (62ms)
			SetupLoadedEditorAssemblies (286ms)
				LogAssemblyErrors (0ms)
				InitializePlatformSupportModulesInManaged (12ms)
				SetLoadedEditorAssemblies (1ms)
				RefreshPlugins (58ms)
				BeforeProcessingInitializeOnLoad (11ms)
				ProcessInitializeOnLoadAttributes (159ms)
				ProcessInitializeOnLoadMethodAttributes (46ms)
				AfterProcessingInitializeOnLoad (0ms)
				EditorAssembliesLoaded (0ms)
			ExecutionOrderSort2 (0ms)
			AwakeInstancesAfterBackupRestoration (0ms)
Platform modules already initialized, skipping
Registering precompiled user dll's ...
Registered in 0.007639 seconds.
Begin MonoManager ReloadAssembly
Native extension for Lumin target not found
Native extension for WindowsStandalone target not found
Native extension for OSXStandalone target not found
Native extension for WebGL target not found
Refreshing native plugins compatible for Editor in 50.63 ms, found 2 plugins.
Preloading 0 native plugins for Editor in 0.00 ms.
[ARLocation]: Starting up!
UnityEngine.StackTraceUtility:ExtractStackTrace () (at /Users/bokken/buildslave/unity/build/Runtime/Export/Scripting/StackTrace.cs:37)
UnityEngine.DebugLogHandler:LogFormat (UnityEngine.LogType,UnityEngine.Object,string,object[])
UnityEngine.Logger:Log (UnityEngine.LogType,object)
UnityEngine.Debug:Log (object)
ARLocationEditorConfigManager:.cctor () (at Assets/ARLocation/Editor/ARLocationEditorConfigManager.cs:13)
System.Runtime.CompilerServices.RuntimeHelpers:RunClassConstructor (System.RuntimeTypeHandle)
UnityEditor.EditorAssemblies:ProcessInitializeOnLoadAttributes (System.Type[]) (at /Users/bokken/buildslave/unity/build/Editor/Mono/EditorAssemblies.cs:134)

(Filename: Assets/ARLocation/Editor/ARLocationEditorConfigManager.cs Line: 13)

[ARLocation]: Resource folder already exists!
UnityEngine.StackTraceUtility:ExtractStackTrace () (at /Users/bokken/buildslave/unity/build/Runtime/Export/Scripting/StackTrace.cs:37)
UnityEngine.DebugLogHandler:LogFormat (UnityEngine.LogType,UnityEngine.Object,string,object[])
UnityEngine.Logger:Log (UnityEngine.LogType,object)
UnityEngine.Debug:Log (object)
ARLocationEditorConfigManager:.cctor () (at Assets/ARLocation/Editor/ARLocationEditorConfigManager.cs:17)
System.Runtime.CompilerServices.RuntimeHelpers:RunClassConstructor (System.RuntimeTypeHandle)
UnityEditor.EditorAssemblies:ProcessInitializeOnLoadAttributes (System.Type[]) (at /Users/bokken/buildslave/unity/build/Editor/Mono/EditorAssemblies.cs:134)

(Filename: Assets/ARLocation/Editor/ARLocationEditorConfigManager.cs Line: 17)

[ARLocation]: Config already exists!
UnityEngine.StackTraceUtility:ExtractStackTrace () (at /Users/bokken/buildslave/unity/build/Runtime/Export/Scripting/StackTrace.cs:37)
UnityEngine.DebugLogHandler:LogFormat (UnityEngine.LogType,UnityEngine.Object,string,object[])
UnityEngine.Logger:Log (UnityEngine.LogType,object)
UnityEngine.Debug:Log (object)
ARLocationEditorConfigManager:.cctor () (at Assets/ARLocation/Editor/ARLocationEditorConfigManager.cs:29)
System.Runtime.CompilerServices.RuntimeHelpers:RunClassConstructor (System.RuntimeTypeHandle)
UnityEditor.EditorAssemblies:ProcessInitializeOnLoadAttributes (System.Type[]) (at /Users/bokken/buildslave/unity/build/Editor/Mono/EditorAssemblies.cs:134)

(Filename: Assets/ARLocation/Editor/ARLocationEditorConfigManager.cs Line: 29)

Mono: successfully reloaded assembly
- Completed reload, in  1.863 seconds
Domain Reload Profiling:
	ReloadAssembly (1866ms)
		BeginReloadAssembly (202ms)
			ExecutionOrderSort (0ms)
			DisableScriptedObjects (7ms)
			BackupInstance (0ms)
			ReleaseScriptingObjects (0ms)
			CreateAndSetChildDomain (32ms)
		EndReloadAssembly (1574ms)
			LoadAssemblies (157ms)
			RebuildTransferFunctionScriptingTraits (0ms)
			SetupTypeCache (514ms)
			ReleaseScriptCaches (1ms)
			RebuildScriptCaches (112ms)
			SetupLoadedEditorAssemblies (568ms)
				LogAssemblyErrors (0ms)
				InitializePlatformSupportModulesInManaged (6ms)
				SetLoadedEditorAssemblies (0ms)
				RefreshPlugins (51ms)
				BeforeProcessingInitializeOnLoad (99ms)
				ProcessInitializeOnLoadAttributes (396ms)
				ProcessInitializeOnLoadMethodAttributes (13ms)
				AfterProcessingInitializeOnLoad (1ms)
				EditorAssembliesLoaded (0ms)
			ExecutionOrderSort2 (0ms)
			AwakeInstancesAfterBackupRestoration (10ms)
Platform modules already initialized, skipping
Validating Project structure ... 0.009794 seconds.
Shader import version has changed; will reimport all shaders...
Upgrading shader files ...0.042805 seconds.
Application.AssetDatabase Initial Script Refresh Start
RefreshInfo: InitialScriptRefreshV2(NoUpdateAssetOptions) scanfilter:  ... 1 filters
RefreshProfiler: Total: 0.000ms
Application.AssetDatabase Initial Script Refresh End
Application.AssetDatabase.Refresh Start
Application.AssetDatabase.Refresh End
RefreshInfo: StopAssetImportingV2(ForceSynchronousImport) scanfilter: 
RefreshProfiler: Total: 0.000ms
Launching external process: /Applications/Unity/Hub/Editor/2020.3.26f1/Unity.app/Contents/Tools/UnityShaderCompiler
Launched and connected shader compiler UnityShaderCompiler after 0.02 seconds
Initializing Unity extensions:
2022-04-05 11:38:23.725 Unity[32067:823547] NSEventModifierFlagFunction specified to -setKeyEquivalentModifierMask: for item <NSMenuItem: 0x600002f74af0 Font Asset, ke='Command-F12'>, but is only supported for system-provided menu items; will not be used
2022-04-05 11:38:23.731 Unity[32067:823547] NSEventModifierFlagFunction specified to -setKeyEquivalentModifierMask: for item <NSMenuItem: 0x600002f1eca0 Font Asset, ke='Command-F12'>, but is only supported for system-provided menu items; will not be used
========================================================================
Worker process is ready to serve import requests
Refreshing native plugins compatible for Editor in 0.65 ms, found 2 plugins.
Preloading 0 native plugins for Editor in 0.00 ms.
Unloading 2189 Unused Serialized files (Serialized files now loaded: 0)
System memory in use before: 190.5 MB.
System memory in use after: 189.8 MB.

Unloading 282 unused Assets to reduce memory usage. Loaded Objects now: 2663.
Total: 5.272025 ms (FindLiveObjects: 0.270553 ms CreateObjectMapping: 0.099607 ms MarkObjects: 3.787633 ms  DeleteObjects: 1.112893 ms)

AssetImportParameters requested are different than current active one (requested -> active):
  custom:video-decoder-ogg-theora: a1e56fd34408186e4bbccfd4996cb3dc -> 
  custom:container-muxer-webm: aa71ff27fc2769a1b78a27578f13a17b -> 
  custom:container-demuxer-webm: 4f35f7cbe854078d1ac9338744f61a02 -> 
  custom:container-demuxer-ogg: 62fdf1f143b41e24485cea50d1cbac27 -> 
  custom:video-encoder-webm-vp8: eb34c28f22e8b96e1ab97ce403110664 -> 
  custom:framework-osx-AVFoundation: e770b220cccbd017edd2c1fefb359320 -> 
  custom:video-decoder-webm-vp8: 9c59270c3fd7afecdb556c50c9e8de78 -> 
  custom:audio-decoder-ogg-vorbis: bf7c407c2cedff20999df2af8eb42d56 -> 
  custom:audio-encoder-webm-vorbis: bf7c407c2cedff20999df2af8eb42d56 -> 
========================================================================
Received Import Request.
  path: Assets/tinker.obj
  artifactKey: Guid(199a1dedb6d0546e0b63bc623a3661db) Importer(815301076,1909f56bfc062723c751e8b465ee728b)
Start importing Assets/tinker.obj using Guid(199a1dedb6d0546e0b63bc623a3661db) Importer(815301076,1909f56bfc062723c751e8b465ee728b)  -> (artifact id: '74b5bcaf8d903694e7b0691b6316eef7') in 2.057742 seconds 
  Import took 2.069847 seconds .

========================================================================
Received Import Request.
  Time since last request: 0.000382 seconds.
  path: Assets/PG-6.obj
  artifactKey: Guid(199a1dedb6d0546e0b63bc623a3661db) Importer(815301076,1909f56bfc062723c751e8b465ee728b)
Start importing Assets/PG-6.obj using Guid(199a1dedb6d0546e0b63bc623a3661db) Importer(815301076,1909f56bfc062723c751e8b465ee728b)  -> (artifact id: '8212d9f8d6c87aaa42842b1ce1ef654b') in 0.030428 seconds 
  Import took 0.034960 seconds .

========================================================================
Received Import Request.
  Time since last request: 19.292413 seconds.
  path: Assets/tinker.obj
  artifactKey: Guid(0f82fd3cc6c844df98d6c7ce8e29b568) Importer(815301076,1909f56bfc062723c751e8b465ee728b)
Start importing Assets/tinker.obj using Guid(0f82fd3cc6c844df98d6c7ce8e29b568) Importer(815301076,1909f56bfc062723c751e8b465ee728b)  -> (artifact id: 'a8e1ba5ccd3c0a58c01675367689bdaf') in 0.119457 seconds 
  Import took 0.134839 seconds .

========================================================================
Received Import Request.
  Time since last request: 6.942530 seconds.
  path: Assets/CASE.obj
  artifactKey: Guid(0f82fd3cc6c844df98d6c7ce8e29b568) Importer(815301076,1909f56bfc062723c751e8b465ee728b)
Start importing Assets/CASE.obj using Guid(0f82fd3cc6c844df98d6c7ce8e29b568) Importer(815301076,1909f56bfc062723c751e8b465ee728b)  -> (artifact id: 'bae4876e936d894fe928eed2490df359') in 0.094574 seconds 
  Import took 0.102429 seconds .

========================================================================
Received Prepare
Refreshing native plugins compatible for Editor in 14.17 ms, found 2 plugins.
Preloading 0 native plugins for Editor in 0.00 ms.
Unloading 13 Unused Serialized files (Serialized files now loaded: 0)
System memory in use before: 149.4 MB.
System memory in use after: 149.5 MB.

Unloading 13 unused Assets to reduce memory usage. Loaded Objects now: 2705.
Total: 10.806258 ms (FindLiveObjects: 0.727724 ms CreateObjectMapping: 0.267833 ms MarkObjects: 9.746747 ms  DeleteObjects: 0.061890 ms)

AssetImportParameters requested are different than current active one (requested -> active):
  custom:video-decoder-ogg-theora: a1e56fd34408186e4bbccfd4996cb3dc -> 
  custom:container-muxer-webm: aa71ff27fc2769a1b78a27578f13a17b -> 
  custom:container-demuxer-webm: 4f35f7cbe854078d1ac9338744f61a02 -> 
  custom:container-demuxer-ogg: 62fdf1f143b41e24485cea50d1cbac27 -> 
  custom:video-encoder-webm-vp8: eb34c28f22e8b96e1ab97ce403110664 -> 
  custom:framework-osx-AVFoundation: e770b220cccbd017edd2c1fefb359320 -> 
  custom:video-decoder-webm-vp8: 9c59270c3fd7afecdb556c50c9e8de78 -> 
  custom:audio-decoder-ogg-vorbis: bf7c407c2cedff20999df2af8eb42d56 -> 
  custom:audio-encoder-webm-vorbis: bf7c407c2cedff20999df2af8eb42d56 -> 
========================================================================
Received Import Request.
  Time since last request: 237.413325 seconds.
  path: Assets/PrefabDb.asset
  artifactKey: Guid(5d4e2b848251243e388a996ab96ec328) Importer(815301076,1909f56bfc062723c751e8b465ee728b)
Start importing Assets/PrefabDb.asset using Guid(5d4e2b848251243e388a996ab96ec328) Importer(815301076,1909f56bfc062723c751e8b465ee728b)  -> (artifact id: 'fb2f39ebfdaa00a7137f079ad92ff50f') in 2.237504 seconds 
  Import took 2.251955 seconds .

========================================================================
Received Import Request.
  Time since last request: 279.765441 seconds.
  path: Assets/Resources/ARLocationConfig.asset
  artifactKey: Guid(a1d0fcecbf0ff40729260f480224ecf1) Importer(815301076,1909f56bfc062723c751e8b465ee728b)
Start importing Assets/Resources/ARLocationConfig.asset using Guid(a1d0fcecbf0ff40729260f480224ecf1) Importer(815301076,1909f56bfc062723c751e8b465ee728b)  -> (artifact id: '20d239d2719018e475da606b76840776') in 0.034751 seconds 
  Import took 0.079234 seconds .

========================================================================
Received Import Request.
  Time since last request: 27.393160 seconds.
  path: Assets/ARLocation/Prefabs/Sample Assets/AR Default Plane.prefab
  artifactKey: Guid(bf2596d05760b4f5895f9b50d766deaa) Importer(815301076,1909f56bfc062723c751e8b465ee728b)
Start importing Assets/ARLocation/Prefabs/Sample Assets/AR Default Plane.prefab using Guid(bf2596d05760b4f5895f9b50d766deaa) Importer(815301076,1909f56bfc062723c751e8b465ee728b)  -> (artifact id: 'e6f85e165cf8697558eaf8d5b56c5934') in 0.427508 seconds 
  Import took 0.457859 seconds .

========================================================================
Received Import Request.
  Time since last request: 0.051968 seconds.
  path: Assets/ARLocation/Prefabs/Sample Assets/POITextMesh.prefab
  artifactKey: Guid(8774ed01b8a2ab0459563770e9c761a1) Importer(815301076,1909f56bfc062723c751e8b465ee728b)
Start importing Assets/ARLocation/Prefabs/Sample Assets/POITextMesh.prefab using Guid(8774ed01b8a2ab0459563770e9c761a1) Importer(815301076,1909f56bfc062723c751e8b465ee728b)  -> (artifact id: '3a7dc1a37fdc9e3739bd9012365fe5aa') in 0.033698 seconds 
  Import took 0.050042 seconds .

========================================================================
Received Import Request.
  Time since last request: 0.000553 seconds.
  path: Assets/ARLocation/Prefabs/Sample Assets/Gizmo 1.prefab
  artifactKey: Guid(e2a254507729f4213bc39e6feaff214d) Importer(815301076,1909f56bfc062723c751e8b465ee728b)
Start importing Assets/ARLocation/Prefabs/Sample Assets/Gizmo 1.prefab using Guid(e2a254507729f4213bc39e6feaff214d) Importer(815301076,1909f56bfc062723c751e8b465ee728b)  -> (artifact id: '8007d22ad394372e7117cf22dedf9a1d') in 0.097679 seconds 
  Import took 0.106629 seconds .

========================================================================
Received Import Request.
  Time since last request: 0.000605 seconds.
  path: Assets/ARLocation/Prefabs/Sample Assets/ARLocationDevCamera.prefab
  artifactKey: Guid(00a30469732339a4695a4b58d5f153ba) Importer(815301076,1909f56bfc062723c751e8b465ee728b)
Start importing Assets/ARLocation/Prefabs/Sample Assets/ARLocationDevCamera.prefab using Guid(00a30469732339a4695a4b58d5f153ba) Importer(815301076,1909f56bfc062723c751e8b465ee728b)  -> (artifact id: 'f3fb91bb5dd4ccd990928b0283ef207b') in 0.064843 seconds 
  Import took 0.077069 seconds .

========================================================================
Received Import Request.
  Time since last request: 0.000402 seconds.
  path: Assets/ARLocation/Prefabs/Sample Assets/Jet Smoke.prefab
  artifactKey: Guid(a05724a78a8265544b660e2842eefb19) Importer(815301076,1909f56bfc062723c751e8b465ee728b)
Start importing Assets/ARLocation/Prefabs/Sample Assets/Jet Smoke.prefab using Guid(a05724a78a8265544b660e2842eefb19) Importer(815301076,1909f56bfc062723c751e8b465ee728b)  -> (artifact id: '5c2e0010f844382b2818e5136d4c7fdb') in 1.154556 seconds 
  Import took 1.167284 seconds .

========================================================================
Received Import Request.
  Time since last request: 0.000437 seconds.
  path: Assets/ARLocation/Prefabs/Sample Assets/ARGPS LOGO.prefab
  artifactKey: Guid(987dd04d41b1fcf4a9ed5ade4d053c88) Importer(815301076,1909f56bfc062723c751e8b465ee728b)
Start importing Assets/ARLocation/Prefabs/Sample Assets/ARGPS LOGO.prefab using Guid(987dd04d41b1fcf4a9ed5ade4d053c88) Importer(815301076,1909f56bfc062723c751e8b465ee728b)  -> (artifact id: '5d7e51a5f5ab8e2de9d746502cf0ccca') in 0.063067 seconds 
  Import took 0.072041 seconds .

========================================================================
Received Import Request.
  Time since last request: 0.000453 seconds.
  path: Assets/ARLocation/Prefabs/Sample Assets/POIMarker.prefab
  artifactKey: Guid(e929e3f4cf2e74cc9a9657dbc951a6c2) Importer(815301076,1909f56bfc062723c751e8b465ee728b)
Start importing Assets/ARLocation/Prefabs/Sample Assets/POIMarker.prefab using Guid(e929e3f4cf2e74cc9a9657dbc951a6c2) Importer(815301076,1909f56bfc062723c751e8b465ee728b)  -> (artifact id: '6a2a461bb0f83a3a8b5da4c69b61381c') in 0.081728 seconds 
  Import took 0.090217 seconds .

========================================================================
Received Import Request.
  Time since last request: 0.000473 seconds.
  path: Assets/ARLocation/Prefabs/Sample Assets/Walking Zombie.prefab
  artifactKey: Guid(b1407a565c11e4a81a23c0950bc16aec) Importer(815301076,1909f56bfc062723c751e8b465ee728b)
Start importing Assets/ARLocation/Prefabs/Sample Assets/Walking Zombie.prefab using Guid(b1407a565c11e4a81a23c0950bc16aec) Importer(815301076,1909f56bfc062723c751e8b465ee728b)  -> (artifact id: '0ee4025ada6d8073f3fb9eec697c6bbe') in 0.887530 seconds 
  Import took 0.894957 seconds .

========================================================================
Received Import Request.
  Time since last request: 0.000445 seconds.
  path: Assets/ARLocation/Prefabs/Sample Assets/ARGPS LOGO Variant.prefab
  artifactKey: Guid(c23c5ef42ede27b4bb614fbad18d2f2e) Importer(815301076,1909f56bfc062723c751e8b465ee728b)
Start importing Assets/ARLocation/Prefabs/Sample Assets/ARGPS LOGO Variant.prefab using Guid(c23c5ef42ede27b4bb614fbad18d2f2e) Importer(815301076,1909f56bfc062723c751e8b465ee728b)  -> (artifact id: '91d89319e7e48abdda2cf4fc67468a69') in 0.520413 seconds 
  Import took 0.529205 seconds .

========================================================================
Received Import Request.
  Time since last request: 0.000497 seconds.
  path: Assets/ARLocation/Prefabs/Sample Assets/AR Floor.prefab
  artifactKey: Guid(fd8a1ea49b1bb463bb0f799cae30cdcb) Importer(815301076,1909f56bfc062723c751e8b465ee728b)
Start importing Assets/ARLocation/Prefabs/Sample Assets/AR Floor.prefab using Guid(fd8a1ea49b1bb463bb0f799cae30cdcb) Importer(815301076,1909f56bfc062723c751e8b465ee728b)  -> (artifact id: 'a806b350cde0f3edd1514d98e352a6e6') in 0.355366 seconds 
  Import took 0.362976 seconds .

========================================================================
Received Import Request.
  Time since last request: 0.000499 seconds.
  path: Assets/ARLocation/Prefabs/Sample Assets/argps.prefab
  artifactKey: Guid(0a3e526b046c3e74988582ad34ad41e7) Importer(815301076,1909f56bfc062723c751e8b465ee728b)
Start importing Assets/ARLocation/Prefabs/Sample Assets/argps.prefab using Guid(0a3e526b046c3e74988582ad34ad41e7) Importer(815301076,1909f56bfc062723c751e8b465ee728b)  -> (artifact id: '5090bd7aae890c71247d997f8d68eb00') in 0.057142 seconds 
  Import took 0.065163 seconds .

========================================================================
Received Import Request.
  Time since last request: 169.555016 seconds.
  path: Assets/ARLocation
  artifactKey: Guid(ca1392cc7b9114ebdb23f905ca3ee8c3) Importer(815301076,1909f56bfc062723c751e8b465ee728b)
Start importing Assets/ARLocation using Guid(ca1392cc7b9114ebdb23f905ca3ee8c3) Importer(815301076,1909f56bfc062723c751e8b465ee728b)  -> (artifact id: '6f372de1ed1bb448dbf4ef3e13015446') in 0.004138 seconds 
  Import took 0.074903 seconds .

========================================================================
Received Import Request.
  Time since last request: 1.455624 seconds.
  path: Assets/ARLocation/ARLocationConfig.asset
  artifactKey: Guid(6a964cb8537badb4392eada7083e66c0) Importer(815301076,1909f56bfc062723c751e8b465ee728b)
Start importing Assets/ARLocation/ARLocationConfig.asset using Guid(6a964cb8537badb4392eada7083e66c0) Importer(815301076,1909f56bfc062723c751e8b465ee728b)  -> (artifact id: '92bd3d687a5810e3d419ad939d71a2f9') in 0.027246 seconds 
  Import took 0.035091 seconds .

========================================================================
Received Import Request.
  Time since last request: 117.245442 seconds.
  path: Assets/ARLocation/Prefabs/Debug/ARLocationInfo.prefab
  artifactKey: Guid(f6233caea7405cd4089432ff4bf85915) Importer(815301076,1909f56bfc062723c751e8b465ee728b)
Start importing Assets/ARLocation/Prefabs/Debug/ARLocationInfo.prefab using Guid(f6233caea7405cd4089432ff4bf85915) Importer(815301076,1909f56bfc062723c751e8b465ee728b)  -> (artifact id: '48fe07a2174fdfbfafd87b56d17bef84') in 0.082002 seconds 
  Import took 0.095521 seconds .

